2023-06-01 16:16:02 [restartedMain] INFO  library.LibraryTestApplication - Starting LibraryTestApplication using Java 19 with PID 24980 (C:\IT projects\Repository Library_Test\Library_Test\target\classes started by vitmax in C:\IT projects\Repository Library_Test\Library_Test)
2023-06-01 16:16:02 [restartedMain] INFO  library.LibraryTestApplication - No active profile set, falling back to 1 default profile: "default"
2023-06-01 16:16:02 [restartedMain] INFO  o.s.b.d.e.DevToolsPropertyDefaultsPostProcessor - Devtools property defaults active! Set 'spring.devtools.add-properties' to 'false' to disable
2023-06-01 16:16:02 [restartedMain] INFO  o.s.b.d.e.DevToolsPropertyDefaultsPostProcessor - For additional web related logging consider setting the 'logging.level.web' property to 'DEBUG'
2023-06-01 16:16:03 [restartedMain] INFO  o.s.d.r.c.RepositoryConfigurationDelegate - Bootstrapping Spring Data JPA repositories in DEFAULT mode.
2023-06-01 16:16:03 [restartedMain] INFO  o.s.d.r.c.RepositoryConfigurationDelegate - Finished Spring Data repository scanning in 96 ms. Found 7 JPA repository interfaces.
2023-06-01 16:16:03 [restartedMain] INFO  o.s.b.w.e.tomcat.TomcatWebServer - Tomcat initialized with port(s): 8080 (http)
2023-06-01 16:16:03 [restartedMain] INFO  o.a.catalina.core.StandardService - Starting service [Tomcat]
2023-06-01 16:16:03 [restartedMain] INFO  o.a.catalina.core.StandardEngine - Starting Servlet engine: [Apache Tomcat/10.1.8]
2023-06-01 16:16:03 [restartedMain] INFO  o.a.c.c.C.[Tomcat].[localhost].[/] - Initializing Spring embedded WebApplicationContext
2023-06-01 16:16:03 [restartedMain] INFO  o.s.b.w.s.c.ServletWebServerApplicationContext - Root WebApplicationContext: initialization completed in 1829 ms
2023-06-01 16:16:04 [restartedMain] INFO  com.zaxxer.hikari.HikariDataSource - HikariPool-1 - Starting...
2023-06-01 16:16:04 [restartedMain] INFO  com.zaxxer.hikari.pool.HikariPool - HikariPool-1 - Added connection org.postgresql.jdbc.PgConnection@3180a410
2023-06-01 16:16:04 [restartedMain] INFO  com.zaxxer.hikari.HikariDataSource - HikariPool-1 - Start completed.
2023-06-01 16:16:04 [restartedMain] INFO  liquibase.database - Set default schema name to public
2023-06-01 16:16:05 [restartedMain] INFO  liquibase.changelog - Reading from public.databasechangelog
2023-06-01 16:16:05 [restartedMain] INFO  liquibase.executor - Changelog query completed.
2023-06-01 16:16:05 [restartedMain] INFO  o.h.jpa.internal.util.LogHelper - HHH000204: Processing PersistenceUnitInfo [name: default]
2023-06-01 16:16:05 [restartedMain] INFO  org.hibernate.Version - HHH000412: Hibernate ORM core version 6.2.2.Final
2023-06-01 16:16:05 [restartedMain] INFO  org.hibernate.cfg.Environment - HHH000406: Using bytecode reflection optimizer
2023-06-01 16:16:05 [restartedMain] INFO  o.h.b.i.BytecodeProviderInitiator - HHH000021: Bytecode provider name : bytebuddy
2023-06-01 16:16:05 [restartedMain] INFO  o.s.o.j.p.SpringPersistenceUnitInfo - No LoadTimeWeaver setup: ignoring JPA class transformer
2023-06-01 16:16:05 [restartedMain] INFO  org.hibernate.orm.dialect - HHH035001: Using dialect: org.hibernate.dialect.PostgreSQLDialect, version: 10.0
2023-06-01 16:16:06 [restartedMain] INFO  o.h.b.i.BytecodeProviderInitiator - HHH000021: Bytecode provider name : bytebuddy
2023-06-01 16:16:07 [restartedMain] INFO  o.h.e.t.j.p.i.JtaPlatformInitiator - HHH000490: Using JtaPlatform implementation: [org.hibernate.engine.transaction.jta.platform.internal.NoJtaPlatform]
2023-06-01 16:16:07 [restartedMain] INFO  o.s.o.j.LocalContainerEntityManagerFactoryBean - Initialized JPA EntityManagerFactory for persistence unit 'default'
2023-06-01 16:16:08 [restartedMain] WARN  o.s.b.a.o.j.JpaBaseConfiguration$JpaWebConfiguration - spring.jpa.open-in-view is enabled by default. Therefore, database queries may be performed during view rendering. Explicitly configure spring.jpa.open-in-view to disable this warning
2023-06-01 16:16:08 [restartedMain] INFO  o.s.s.web.DefaultSecurityFilterChain - Will secure any request with [org.springframework.security.web.session.DisableEncodeUrlFilter@310534a5, org.springframework.security.web.context.request.async.WebAsyncManagerIntegrationFilter@5f4453d2, org.springframework.security.web.context.SecurityContextHolderFilter@8319571, org.springframework.security.web.header.HeaderWriterFilter@2bcd9d57, org.springframework.security.web.authentication.logout.LogoutFilter@45735136, library.authentication.filter.JwtAuthenticationFilter@14dd4f13, org.springframework.security.web.savedrequest.RequestCacheAwareFilter@b8f8e57, org.springframework.security.web.servletapi.SecurityContextHolderAwareRequestFilter@1afcfd65, org.springframework.security.web.authentication.AnonymousAuthenticationFilter@79cac70a, org.springframework.security.web.session.SessionManagementFilter@25ec74c0, org.springframework.security.web.access.ExceptionTranslationFilter@3cd3e12a, org.springframework.security.web.access.intercept.AuthorizationFilter@369b0699]
2023-06-01 16:16:08 [restartedMain] INFO  o.s.b.d.a.OptionalLiveReloadServer - LiveReload server is running on port 35729
2023-06-01 16:16:09 [restartedMain] INFO  o.s.b.w.e.tomcat.TomcatWebServer - Tomcat started on port(s): 8080 (http) with context path ''
2023-06-01 16:16:09 [restartedMain] INFO  library.LibraryTestApplication - Started LibraryTestApplication in 7.652 seconds (process running for 8.544)
2023-06-01 16:16:29 [http-nio-8080-exec-1] INFO  o.a.c.c.C.[Tomcat].[localhost].[/] - Initializing Spring DispatcherServlet 'dispatcherServlet'
2023-06-01 16:16:30 [http-nio-8080-exec-1] DEBUG l.a.c.AuthenticationController - Response RegisterDto[username=user6, password=1234, authority=LIBRARIAN]
