2023-06-01 18:07:19 [restartedMain] INFO  library.LibraryTestApplication -
                Starting LibraryTestApplication using Java 19 with PID 24276 (C:\IT projects\Repository Library_Test\Library_Test\target\classes started by vitmax in C:\IT projects\Repository Library_Test\Library_Test)
2023-06-01 18:07:19 [restartedMain] DEBUG library.LibraryTestApplication -
                Running with Spring Boot v3.1.0, Spring v6.0.9
2023-06-01 18:07:19 [restartedMain] INFO  library.LibraryTestApplication -
                No active profile set, falling back to 1 default profile: "default"
2023-06-01 18:07:23 [restartedMain] DEBUG l.a.filter.JwtAuthenticationFilter -
                Filter 'jwtAuthenticationFilter' configured for use
2023-06-01 18:07:24 [restartedMain] INFO  library.LibraryTestApplication -
                Started LibraryTestApplication in 5.669 seconds (process running for 6.597)
2023-06-01 18:07:32 [http-nio-8080-exec-1] DEBUG l.a.c.AuthenticationController -
                Response RegisterDto[username=Coda2, password=Victor, authority=ADMINISTRATOR]
2023-06-01 18:10:44 [http-nio-8080-exec-4] DEBUG l.a.c.AuthenticationController -
                Response RegisterDto[username=Coda3, password=Victor, authority=ADMINISTRATOR]
2023-06-01 18:13:48 [restartedMain] INFO  library.LibraryTestApplication -
                Starting LibraryTestApplication using Java 19 with PID 10420 (C:\IT projects\Repository Library_Test\Library_Test\target\classes started by vitmax in C:\IT projects\Repository Library_Test\Library_Test)
2023-06-01 18:13:48 [restartedMain] DEBUG library.LibraryTestApplication -
                Running with Spring Boot v3.1.0, Spring v6.0.9
2023-06-01 18:13:48 [restartedMain] INFO  library.LibraryTestApplication -
                No active profile set, falling back to 1 default profile: "default"
2023-06-01 18:13:52 [restartedMain] DEBUG l.a.filter.JwtAuthenticationFilter -
                Filter 'jwtAuthenticationFilter' configured for use
2023-06-01 18:13:53 [restartedMain] INFO  library.LibraryTestApplication -
                Started LibraryTestApplication in 4.722 seconds (process running for 5.577)
2023-06-01 18:14:15 [http-nio-8080-exec-2] DEBUG l.a.c.AuthenticationController -
                Account AuthenticationDto[username=Coda3, password=Victor]
2023-06-04 19:27:12 [main] INFO  library.LibraryTestApplicationTests -
                Starting LibraryTestApplicationTests using Java 20.0.1 with PID 5929 (started by coda in /home/coda/Desktop/IT projects/Lybrary_Repository/Library_Test2/Library_Test)
2023-06-04 19:27:12 [main] DEBUG library.LibraryTestApplicationTests -
                Running with Spring Boot v3.1.0, Spring v6.0.9
2023-06-04 19:27:12 [main] INFO  library.LibraryTestApplicationTests -
                No active profile set, falling back to 1 default profile: "default"
2023-06-04 19:27:51 [main] INFO  library.LibraryTestApplicationTests -
                Starting LibraryTestApplicationTests using Java 20.0.1 with PID 6033 (started by coda in /home/coda/Desktop/IT projects/Lybrary_Repository/Library_Test2/Library_Test)
2023-06-04 19:27:51 [main] DEBUG library.LibraryTestApplicationTests -
                Running with Spring Boot v3.1.0, Spring v6.0.9
2023-06-04 19:27:51 [main] INFO  library.LibraryTestApplicationTests -
                No active profile set, falling back to 1 default profile: "default"
